2022-11-23 13:39:18,773 [1] DEBUG EC04Hotbar.LogManager - 测试调试信息
2022-11-23 13:39:18,805 [1] INFO  EC04Hotbar.LogManager - 测试调试信息
2022-11-23 13:39:18,805 [1] WARN  EC04Hotbar.LogManager - 测试调试信息
2022-11-23 13:39:18,805 [1] ERROR EC04Hotbar.LogManager - 测试调试信息
2022-11-23 13:39:18,805 [1] FATAL EC04Hotbar.LogManager - 测试调试信息
2022-11-23 13:40:10,874 [1] DEBUG EC04Hotbar.LogManager - 测试调试信息
2022-11-23 13:40:10,916 [1] INFO  EC04Hotbar.LogManager - 测试调试信息
2022-11-23 13:40:10,917 [1] WARN  EC04Hotbar.LogManager - 测试调试信息
2022-11-23 13:40:10,918 [1] ERROR EC04Hotbar.LogManager - 测试调试信息
2022-11-23 13:40:10,918 [1] FATAL EC04Hotbar.LogManager - 测试调试信息
2022-11-23 18:04:00,856 [1] FATAL EC04Hotbar.LogManager - System.Exception: 通道ID: 1断开连接！
   在 EC04Hotbar.RFIDHelper.Read(Int32 channelId) 位置 D:\work\ec04\EC04\EC04Hotbar\RFIDHelper.cs:行号 278
   在 EC04Hotbar.Program.Main() 位置 D:\work\ec04\EC04\EC04Hotbar\Program.cs:行号 35
2022-11-23 18:04:10,943 [1] FATAL EC04Hotbar.LogManager - System.Exception: 通道ID: 1断开连接！
   在 EC04Hotbar.RFIDHelper.Read(Int32 channelId) 位置 D:\work\ec04\EC04\EC04Hotbar\RFIDHelper.cs:行号 278
   在 EC04Hotbar.Program.Main() 位置 D:\work\ec04\EC04\EC04Hotbar\Program.cs:行号 35
2022-11-23 18:05:12,933 [1] FATAL EC04Hotbar.LogManager - System.Exception: 通道ID: 1断开连接！
   在 EC04Hotbar.RFIDHelper.Read(Int32 channelId) 位置 D:\work\ec04\EC04\EC04Hotbar\RFIDHelper.cs:行号 278
   在 EC04Hotbar.Program.Main() 位置 D:\work\ec04\EC04\EC04Hotbar\Program.cs:行号 35
2022-11-23 18:06:47,848 [1] FATAL EC04Hotbar.LogManager - System.Exception: 通道ID: 1断开连接！
   在 EC04Hotbar.RFIDHelper.Read(Int32 channelId) 位置 D:\work\ec04\EC04\EC04Hotbar\RFIDHelper.cs:行号 278
   在 EC04Hotbar.Program.Main() 位置 D:\work\ec04\EC04\EC04Hotbar\Program.cs:行号 35
2022-11-23 18:09:39,590 [1] FATAL EC04Hotbar.LogManager - System.Exception: 通道ID: 1断开连接！
   在 EC04Hotbar.RFIDHelper.Read(Int32 channelId) 位置 D:\work\ec04\EC04\EC04Hotbar\RFIDHelper.cs:行号 278
   在 EC04Hotbar.Program.Main() 位置 D:\work\ec04\EC04\EC04Hotbar\Program.cs:行号 35
2022-11-23 18:11:59,935 [1] FATAL EC04Hotbar.LogManager - System.Exception: 通道ID: 1断开连接！
   在 EC04Hotbar.RFIDHelper.Read(Int32 channelId) 位置 D:\work\ec04\EC04\EC04Hotbar\RFIDHelper.cs:行号 278
   在 EC04Hotbar.Program.Main() 位置 D:\work\ec04\EC04\EC04Hotbar\Program.cs:行号 35
2022-11-23 18:16:36,537 [1] FATAL EC04Hotbar.LogManager - System.Exception: 通道ID: 1断开连接！
   在 EC04Hotbar.RFIDHelper.Read(Int32 channelId) 位置 D:\work\ec04\EC04\EC04Hotbar\RFIDHelper.cs:行号 278
   在 EC04Hotbar.Program.Main() 位置 D:\work\ec04\EC04\EC04Hotbar\Program.cs:行号 35
2022-11-23 18:16:48,244 [1] FATAL EC04Hotbar.LogManager - System.Exception: 通道ID: 1断开连接！
   在 EC04Hotbar.RFIDHelper.Read(Int32 channelId) 位置 D:\work\ec04\EC04\EC04Hotbar\RFIDHelper.cs:行号 278
   在 EC04Hotbar.Program.Main() 位置 D:\work\ec04\EC04\EC04Hotbar\Program.cs:行号 35
2022-11-23 18:22:53,568 [1] FATAL EC04Hotbar.LogManager - System.Exception: 请将载码体放入读写头的感应区域！
   在 EC04Hotbar.RFIDHelper.Read(Int32 channelId) 位置 D:\work\ec04\EC04\EC04Hotbar\RFIDHelper.cs:行号 281
   在 EC04Hotbar.Program.Main() 位置 D:\work\ec04\EC04\EC04Hotbar\Program.cs:行号 36
2022-11-23 18:24:21,387 [1] FATAL EC04Hotbar.LogManager - System.Exception: 通道ID: 1断开连接！
   在 EC04Hotbar.RFIDHelper.Read(Int32 channelId) 位置 D:\work\ec04\EC04\EC04Hotbar\RFIDHelper.cs:行号 278
   在 EC04Hotbar.Program.Main() 位置 D:\work\ec04\EC04\EC04Hotbar\Program.cs:行号 36
2022-11-23 18:33:03,013 [1] FATAL EC04Hotbar.LogManager - System.Exception: 请将载码体放入读写头的感应区域！
   在 EC04Hotbar.RFIDHelper.Read(Int32 channelId) 位置 D:\work\ec04\EC04\EC04Hotbar\RFIDHelper.cs:行号 280
   在 EC04Hotbar.Program.Main() 位置 D:\work\ec04\EC04\EC04Hotbar\Program.cs:行号 36
2022-11-23 18:33:45,379 [1] FATAL EC04Hotbar.LogManager - System.Exception: 请将载码体放入读写头的感应区域！
   在 EC04Hotbar.RFIDHelper.Read(Int32 channelId) 位置 D:\work\ec04\EC04\EC04Hotbar\RFIDHelper.cs:行号 280
   在 EC04Hotbar.Program.Main() 位置 D:\work\ec04\EC04\EC04Hotbar\Program.cs:行号 39
2022-11-23 18:34:00,174 [1] FATAL EC04Hotbar.LogManager - System.Exception: 请将载码体放入读写头的感应区域！
   在 EC04Hotbar.RFIDHelper.Read(Int32 channelId) 位置 D:\work\ec04\EC04\EC04Hotbar\RFIDHelper.cs:行号 280
   在 EC04Hotbar.Program.Main() 位置 D:\work\ec04\EC04\EC04Hotbar\Program.cs:行号 39
2022-11-23 18:34:21,078 [1] FATAL EC04Hotbar.LogManager - System.Exception: 请将载码体放入读写头的感应区域！
   在 EC04Hotbar.RFIDHelper.Read(Int32 channelId) 位置 D:\work\ec04\EC04\EC04Hotbar\RFIDHelper.cs:行号 280
   在 EC04Hotbar.Program.Main() 位置 D:\work\ec04\EC04\EC04Hotbar\Program.cs:行号 39
2022-11-23 18:34:42,928 [1] FATAL EC04Hotbar.LogManager - System.Exception: 请将载码体放入读写头的感应区域！
   在 EC04Hotbar.RFIDHelper.Read(Int32 channelId) 位置 D:\work\ec04\EC04\EC04Hotbar\RFIDHelper.cs:行号 280
   在 EC04Hotbar.Program.Main() 位置 D:\work\ec04\EC04\EC04Hotbar\Program.cs:行号 40
2022-11-23 18:34:55,322 [1] FATAL EC04Hotbar.LogManager - System.Exception: 请将载码体放入读写头的感应区域！
   在 EC04Hotbar.RFIDHelper.Read(Int32 channelId) 位置 D:\work\ec04\EC04\EC04Hotbar\RFIDHelper.cs:行号 280
   在 EC04Hotbar.Program.Main() 位置 D:\work\ec04\EC04\EC04Hotbar\Program.cs:行号 39
2022-11-23 18:36:01,872 [1] FATAL EC04Hotbar.LogManager - System.Exception: 请将载码体放入读写头的感应区域！
   在 EC04Hotbar.RFIDHelper.Read(Int32 channelId) 位置 D:\work\ec04\EC04\EC04Hotbar\RFIDHelper.cs:行号 280
   在 EC04Hotbar.Program.Main() 位置 D:\work\ec04\EC04\EC04Hotbar\Program.cs:行号 40
